Determining if the pthread_create exist failed with the following output:
Change Dir: /home/thomas/project_bci/build/catkin_tools_prebuild/CMakeFiles/CMakeTmp

Run Build Command:"/usr/bin/make" "cmTC_4320a/fast"
/usr/bin/make -f CMakeFiles/cmTC_4320a.dir/build.make CMakeFiles/cmTC_4320a.dir/build
make[1] : on entre dans le répertoire « /home/thomas/project_bci/build/catkin_tools_prebuild/CMakeFiles/CMakeTmp »
Building C object CMakeFiles/cmTC_4320a.dir/CheckSymbolExists.c.o
/usr/bin/cc    -o CMakeFiles/cmTC_4320a.dir/CheckSymbolExists.c.o   -c /home/thomas/project_bci/build/catkin_tools_prebuild/CMakeFiles/CMakeTmp/CheckSymbolExists.c
Linking C executable cmTC_4320a
/usr/bin/cmake -E cmake_link_script CMakeFiles/cmTC_4320a.dir/link.txt --verbose=1
/usr/bin/cc      -rdynamic CMakeFiles/cmTC_4320a.dir/CheckSymbolExists.c.o  -o cmTC_4320a 
CMakeFiles/cmTC_4320a.dir/CheckSymbolExists.c.o : Dans la fonction « main » :
CheckSymbolExists.c:(.text+0x1b) : référence indéfinie vers « pthread_create »
collect2: error: ld returned 1 exit status
CMakeFiles/cmTC_4320a.dir/build.make:97: recipe for target 'cmTC_4320a' failed
make[1]: *** [cmTC_4320a] Error 1
make[1] : on quitte le répertoire « /home/thomas/project_bci/build/catkin_tools_prebuild/CMakeFiles/CMakeTmp »
Makefile:126: recipe for target 'cmTC_4320a/fast' failed
make: *** [cmTC_4320a/fast] Error 2

File /home/thomas/project_bci/build/catkin_tools_prebuild/CMakeFiles/CMakeTmp/CheckSymbolExists.c:
/* */
#include <pthread.h>

int main(int argc, char** argv)
{
  (void)argv;
#ifndef pthread_create
  return ((int*)(&pthread_create))[argc];
#else
  (void)argc;
  return 0;
#endif
}

Determining if the function pthread_create exists in the pthreads failed with the following output:
Change Dir: /home/thomas/project_bci/build/catkin_tools_prebuild/CMakeFiles/CMakeTmp

Run Build Command:"/usr/bin/make" "cmTC_f3392/fast"
/usr/bin/make -f CMakeFiles/cmTC_f3392.dir/build.make CMakeFiles/cmTC_f3392.dir/build
make[1] : on entre dans le répertoire « /home/thomas/project_bci/build/catkin_tools_prebuild/CMakeFiles/CMakeTmp »
Building C object CMakeFiles/cmTC_f3392.dir/CheckFunctionExists.c.o
/usr/bin/cc   -DCHECK_FUNCTION_EXISTS=pthread_create   -o CMakeFiles/cmTC_f3392.dir/CheckFunctionExists.c.o   -c /usr/share/cmake-3.10/Modules/CheckFunctionExists.c
Linking C executable cmTC_f3392
/usr/bin/cmake -E cmake_link_script CMakeFiles/cmTC_f3392.dir/link.txt --verbose=1
/usr/bin/cc  -DCHECK_FUNCTION_EXISTS=pthread_create    -rdynamic CMakeFiles/cmTC_f3392.dir/CheckFunctionExists.c.o  -o cmTC_f3392 -lpthreads 
/usr/bin/ld : ne peut trouver -lpthreads
collect2: error: ld returned 1 exit status
CMakeFiles/cmTC_f3392.dir/build.make:97: recipe for target 'cmTC_f3392' failed
make[1]: *** [cmTC_f3392] Error 1
make[1] : on quitte le répertoire « /home/thomas/project_bci/build/catkin_tools_prebuild/CMakeFiles/CMakeTmp »
Makefile:126: recipe for target 'cmTC_f3392/fast' failed
make: *** [cmTC_f3392/fast] Error 2


