[35m[1mScanning dependencies of target std_msgs_generate_messages_eus[0m
[35m[1mScanning dependencies of target _acquisition_biosemi_generate_messages_check_deps_biosemi_result[0m
[35m[1mScanning dependencies of target std_msgs_generate_messages_cpp[0m
[35m[1mScanning dependencies of target _acquisition_biosemi_generate_messages_check_deps_biosemi_echantillon[0m
[  0%] Built target std_msgs_generate_messages_cpp
[  0%] Built target std_msgs_generate_messages_eus
[35m[1mScanning dependencies of target std_msgs_generate_messages_nodejs[0m
[35m[1mScanning dependencies of target std_msgs_generate_messages_py[0m
[  0%] Built target std_msgs_generate_messages_nodejs
[  0%] Built target std_msgs_generate_messages_py
[  0%] Built target _acquisition_biosemi_generate_messages_check_deps_biosemi_result
[  0%] Built target _acquisition_biosemi_generate_messages_check_deps_biosemi_echantillon
[35m[1mScanning dependencies of target std_msgs_generate_messages_lisp[0m
[35m[1mScanning dependencies of target acquisition_biosemi_generate_messages_nodejs[0m
[35m[1mScanning dependencies of target acquisition_biosemi_generate_messages_cpp[0m
[35m[1mScanning dependencies of target acquisition_biosemi_generate_messages_eus[0m
[  0%] Built target std_msgs_generate_messages_lisp
[ 16%] [34m[1mGenerating EusLisp code from acquisition_biosemi/biosemi_echantillon.msg[0m
[ 16%] [34m[1mGenerating Javascript code from acquisition_biosemi/biosemi_echantillon.msg[0m
[ 16%] [34m[1mGenerating C++ code from acquisition_biosemi/biosemi_echantillon.msg[0m
[ 22%] [34m[1mGenerating C++ code from acquisition_biosemi/biosemi_result.msg[0m
[ 27%] [34m[1mGenerating Javascript code from acquisition_biosemi/biosemi_result.msg[0m
[ 33%] [34m[1mGenerating EusLisp code from acquisition_biosemi/biosemi_result.msg[0m
[ 33%] Built target acquisition_biosemi_generate_messages_nodejs
[35m[1mScanning dependencies of target acquisition_biosemi_generate_messages_py[0m
[ 38%] [34m[1mGenerating Python from MSG acquisition_biosemi/biosemi_echantillon[0m
[ 44%] [34m[1mGenerating EusLisp manifest code for acquisition_biosemi[0m
[ 50%] [34m[1mGenerating Python from MSG acquisition_biosemi/biosemi_result[0m
[ 50%] Built target acquisition_biosemi_generate_messages_cpp
[35m[1mScanning dependencies of target acquisition_biosemi_generate_messages_lisp[0m
[ 55%] [34m[1mGenerating Lisp code from acquisition_biosemi/biosemi_echantillon.msg[0m
[ 61%] [34m[1mGenerating Lisp code from acquisition_biosemi/biosemi_result.msg[0m
[ 61%] Built target acquisition_biosemi_generate_messages_lisp
[ 66%] [34m[1mGenerating Python msg __init__.py for acquisition_biosemi[0m
[35m[1mScanning dependencies of target biosemi_talker[0m
[35m[1mScanning dependencies of target biosemi_simul[0m
[ 66%] Built target acquisition_biosemi_generate_messages_py
[35m[1mScanning dependencies of target biosemi_listener[0m
[ 72%] [32mBuilding CXX object CMakeFiles/biosemi_talker.dir/src/biosemi_talker.cpp.o[0m
[ 77%] [32mBuilding CXX object CMakeFiles/biosemi_listener.dir/src/biosemi_listener.cpp.o[0m
[ 83%] [32mBuilding CXX object CMakeFiles/biosemi_simul.dir/src/biosemi_simul.cpp.o[0m
[ 83%] Built target acquisition_biosemi_generate_messages_eus
[35m[1mScanning dependencies of target acquisition_biosemi_generate_messages[0m
[ 83%] Built target acquisition_biosemi_generate_messages
[ 94%] [32m[1mLinking CXX executable /home/thomas/project_bci/devel/.private/acquisition_biosemi/lib/acquisition_biosemi/biosemi_talker[0m
[ 94%] [32m[1mLinking CXX executable /home/thomas/project_bci/devel/.private/acquisition_biosemi/lib/acquisition_biosemi/biosemi_simul[0m
[100%] [32m[1mLinking CXX executable /home/thomas/project_bci/devel/.private/acquisition_biosemi/lib/acquisition_biosemi/biosemi_listener[0m
[100%] Built target biosemi_listener
[100%] Built target biosemi_simul
[100%] Built target biosemi_talker
