Symlinking /home/thomas/project_bci/devel/lib/python2.7/dist-packages/acquisition_biosemi/__init__.py
Symlinking /home/thomas/project_bci/devel/lib/python2.7/dist-packages/acquisition_biosemi/msg/_biosemi_echantillon.py
Symlinking /home/thomas/project_bci/devel/lib/python2.7/dist-packages/acquisition_biosemi/msg/__init__.py
Symlinking /home/thomas/project_bci/devel/lib/python2.7/dist-packages/acquisition_biosemi/msg/_biosemi_result.py
Symlinking /home/thomas/project_bci/devel/lib/acquisition_biosemi/biosemi_listener
Symlinking /home/thomas/project_bci/devel/lib/acquisition_biosemi/biosemi_simul
Symlinking /home/thomas/project_bci/devel/lib/acquisition_biosemi/biosemi_talker
Symlinking /home/thomas/project_bci/devel/lib/pkgconfig/acquisition_biosemi.pc
Symlinking /home/thomas/project_bci/devel/include/acquisition_biosemi/biosemi_result.h
Symlinking /home/thomas/project_bci/devel/include/acquisition_biosemi/biosemi_echantillon.h
Symlinking /home/thomas/project_bci/devel/share/gennodejs/ros/acquisition_biosemi/_index.js
Symlinking /home/thomas/project_bci/devel/share/gennodejs/ros/acquisition_biosemi/msg/biosemi_echantillon.js
Symlinking /home/thomas/project_bci/devel/share/gennodejs/ros/acquisition_biosemi/msg/biosemi_result.js
Symlinking /home/thomas/project_bci/devel/share/gennodejs/ros/acquisition_biosemi/msg/_index.js
Symlinking /home/thomas/project_bci/devel/share/roseus/ros/acquisition_biosemi/manifest.l
Symlinking /home/thomas/project_bci/devel/share/roseus/ros/acquisition_biosemi/msg/biosemi_result.l
Symlinking /home/thomas/project_bci/devel/share/roseus/ros/acquisition_biosemi/msg/biosemi_echantillon.l
Symlinking /home/thomas/project_bci/devel/share/common-lisp/ros/acquisition_biosemi/msg/_package_biosemi_result.lisp
Symlinking /home/thomas/project_bci/devel/share/common-lisp/ros/acquisition_biosemi/msg/_package.lisp
Symlinking /home/thomas/project_bci/devel/share/common-lisp/ros/acquisition_biosemi/msg/biosemi_echantillon.lisp
Symlinking /home/thomas/project_bci/devel/share/common-lisp/ros/acquisition_biosemi/msg/biosemi_result.lisp
Symlinking /home/thomas/project_bci/devel/share/common-lisp/ros/acquisition_biosemi/msg/acquisition_biosemi-msg.asd
Symlinking /home/thomas/project_bci/devel/share/common-lisp/ros/acquisition_biosemi/msg/_package_biosemi_echantillon.lisp
Symlinking /home/thomas/project_bci/devel/share/acquisition_biosemi/cmake/acquisition_biosemiConfig.cmake
Symlinking /home/thomas/project_bci/devel/share/acquisition_biosemi/cmake/acquisition_biosemi-msg-paths.cmake
Symlinking /home/thomas/project_bci/devel/share/acquisition_biosemi/cmake/acquisition_biosemiConfig-version.cmake
Symlinking /home/thomas/project_bci/devel/share/acquisition_biosemi/cmake/acquisition_biosemi-msg-extras.cmake
